IMLib/build/outputs/logs/manifest-merger-debug-report.txt
-- Merging decision tree log ---
manifest
ADDED from cDiving\IMLib\AndroidManifest.xml:1:1-87:12
INJECTED from cDiving\IMLib\AndroidManifest.xml:1:1-87:12
INJECTED from cDiving\IMLib\AndroidManifest.xml:1:1-87:12
INJECTED from cDiving\IMLib\AndroidManifest.xml:1:1-87:12
INJECTED from cDiving\IMLib\AndroidManifest.xml:1:1-87:12
INJECTED from cDiving\IMLib\AndroidManifest.xml:1:1-87:12
INJECTED from cDiving\IMLib\AndroidManifest.xml:1:1-87:12
	package
		ADDED from cDiving\IMLib\AndroidManifest.xml:2:5-28
		INJECTED from cDiving\IMLib\AndroidManifest.xml
		INJECTED from cDiving\IMLib\AndroidManifest.xml
	android:versionName
		INJECTED from cDiving\IMLib\AndroidManifest.xml
		ADDED from cDiving\IMLib\AndroidManifest.xml:1:1-87:12
		INJECTED from cDiving\IMLib\AndroidManifest.xml
	android:versionCode
		INJECTED from cDiving\IMLib\AndroidManifest.xml
		ADDED from cDiving\IMLib\AndroidManifest.xml:1:1-87:12
		INJECTED from cDiving\IMLib\AndroidManifest.xml
	xmlns:android
		ADDED from cDiving\IMLib\AndroidManifest.xml:1:11-69
uses-sdk
ADDED from cDiving\IMLib\AndroidManifest.xml:4:5-6:41
INJECTED from cDiving\IMLib\AndroidManifest.xml:4:5-6:41
INJECTED from cDiving\IMLib\AndroidManifest.xml:4:5-6:41
INJECTED from cDiving\IMLib\AndroidManifest.xml:4:5-6:41
INJECTED from cDiving\IMLib\AndroidManifest.xml:4:5-6:41
	android:targetSdkVersion
		ADDED from cDiving\IMLib\AndroidManifest.xml:6:9-38
		INJECTED from cDiving\IMLib\AndroidManifest.xml
		INJECTED from cDiving\IMLib\AndroidManifest.xml
	android:minSdkVersion
		ADDED from cDiving\IMLib\AndroidManifest.xml:5:9-35
		INJECTED from cDiving\IMLib\AndroidManifest.xml
		INJECTED from cDiving\IMLib\AndroidManifest.xml
uses-permission#android.permission.WRITE_EXTERNAL_STORAGE
ADDED from cDiving\IMLib\AndroidManifest.xml:8:5-81
	android:name
		ADDED from cDiving\IMLib\AndroidManifest.xml:8:22-78
uses-permission#android.permission.INTERNET
ADDED from cDiving\IMLib\AndroidManifest.xml:9:5-67
	android:name
		ADDED from cDiving\IMLib\AndroidManifest.xml:9:22-64
uses-permission#android.permission.ACCESS_NETWORK_STATE
ADDED from cDiving\IMLib\AndroidManifest.xml:10:5-79
	android:name
		ADDED from cDiving\IMLib\AndroidManifest.xml:10:22-76
uses-permission#android.permission.ACCESS_WIFI_STATE
ADDED from cDiving\IMLib\AndroidManifest.xml:11:5-76
	android:name
		ADDED from cDiving\IMLib\AndroidManifest.xml:11:22-73
uses-permission#android.permission.READ_PHONE_STATE
ADDED from cDiving\IMLib\AndroidManifest.xml:12:5-75
	android:name
		ADDED from cDiving\IMLib\AndroidManifest.xml:12:22-72
uses-permission#android.permission.RECORD_AUDIO
ADDED from cDiving\IMLib\AndroidManifest.xml:13:5-71
	android:name
		ADDED from cDiving\IMLib\AndroidManifest.xml:13:22-68
uses-permission#android.permission.GET_TASKS
ADDED from cDiving\IMLib\AndroidManifest.xml:14:5-68
	android:name
		ADDED from cDiving\IMLib\AndroidManifest.xml:14:22-65
uses-permission#android.permission.WAKE_LOCK
ADDED from cDiving\IMLib\AndroidManifest.xml:15:5-68
	android:name
		ADDED from cDiving\IMLib\AndroidManifest.xml:15:22-65
uses-permission#android.permission.MODIFY_AUDIO_SETTINGS
ADDED from cDiving\IMLib\AndroidManifest.xml:16:5-80
	android:name
		ADDED from cDiving\IMLib\AndroidManifest.xml:16:22-77
uses-permission#android.permission.VIBRATE
ADDED from cDiving\IMLib\AndroidManifest.xml:17:5-66
	android:name
		ADDED from cDiving\IMLib\AndroidManifest.xml:17:22-63
uses-permission#android.permission.ACCESS_FINE_LOCATION
ADDED from cDiving\IMLib\AndroidManifest.xml:18:5-79
	android:name
		ADDED from cDiving\IMLib\AndroidManifest.xml:18:22-76
uses-permission#android.permission.RECEIVE_BOOT_COMPLETED
ADDED from cDiving\IMLib\AndroidManifest.xml:19:5-81
	android:name
		ADDED from cDiving\IMLib\AndroidManifest.xml:19:22-78
application
ADDED from cDiving\IMLib\AndroidManifest.xml:21:5-85:19
meta-data#RONG_CLOUD_APP_KEY
ADDED from cDiving\IMLib\AndroidManifest.xml:24:9-26:45
	android:value
		ADDED from cDiving\IMLib\AndroidManifest.xml:26:13-42
	android:name
		ADDED from cDiving\IMLib\AndroidManifest.xml:25:13-46
service#io.rong.imlib.ipc.RongService
ADDED from cDiving\IMLib\AndroidManifest.xml:29:9-32:38
	android:process
		ADDED from cDiving\IMLib\AndroidManifest.xml:32:13-35
	android:exported
		ADDED from cDiving\IMLib\AndroidManifest.xml:31:13-36
	android:name
		ADDED from cDiving\IMLib\AndroidManifest.xml:30:13-57
receiver#io.rong.imlib.ConnectChangeReceiver
ADDED from cDiving\IMLib\AndroidManifest.xml:34:9-36:39
	android:exported
		ADDED from cDiving\IMLib\AndroidManifest.xml:36:13-36
	android:name
		ADDED from cDiving\IMLib\AndroidManifest.xml:35:13-63
receiver#io.rong.imlib.HeartbeatReceiver
ADDED from cDiving\IMLib\AndroidManifest.xml:38:9-40:38
	android:process
		ADDED from cDiving\IMLib\AndroidManifest.xml:40:13-35
	android:name
		ADDED from cDiving\IMLib\AndroidManifest.xml:39:13-59
service#io.rong.push.core.PushRegistrationService
ADDED from cDiving\IMLib\AndroidManifest.xml:47:9-50:72
	android:exported
		ADDED from cDiving\IMLib\AndroidManifest.xml:49:13-36
	android:permission
		ADDED from cDiving\IMLib\AndroidManifest.xml:50:13-69
	android:name
		ADDED from cDiving\IMLib\AndroidManifest.xml:48:13-69
service#io.rong.push.core.MessageHandleService
ADDED from cDiving\IMLib\AndroidManifest.xml:52:9-55:72
	android:exported
		ADDED from cDiving\IMLib\AndroidManifest.xml:54:13-36
	android:permission
		ADDED from cDiving\IMLib\AndroidManifest.xml:55:13-69
	android:name
		ADDED from cDiving\IMLib\AndroidManifest.xml:53:13-66
service#io.rong.push.PushService
ADDED from cDiving\IMLib\AndroidManifest.xml:58:9-62:46
	android:process
		ADDED from cDiving\IMLib\AndroidManifest.xml:62:13-43
	android:exported
		ADDED from cDiving\IMLib\AndroidManifest.xml:60:13-36
	android:permission
		ADDED from cDiving\IMLib\AndroidManifest.xml:61:13-69
	android:name
		ADDED from cDiving\IMLib\AndroidManifest.xml:59:13-52
receiver#io.rong.push.PushReceiver
ADDED from cDiving\IMLib\AndroidManifest.xml:65:9-80:20
	android:process
		ADDED from cDiving\IMLib\AndroidManifest.xml:67:13-43
	android:name
		ADDED from cDiving\IMLib\AndroidManifest.xml:66:13-53
intent-filter#android.net.conn.CONNECTIVITY_CHANGE+io.rong.push.intent.action.HEART_BEAT
ADDED from cDiving\IMLib\AndroidManifest.xml:69:13-72:29
action#io.rong.push.intent.action.HEART_BEAT
ADDED from cDiving\IMLib\AndroidManifest.xml:70:17-80
	android:name
		ADDED from cDiving\IMLib\AndroidManifest.xml:70:25-77
action#android.net.conn.CONNECTIVITY_CHANGE
ADDED from cDiving\IMLib\AndroidManifest.xml:71:17-79
	android:name
		ADDED from cDiving\IMLib\AndroidManifest.xml:71:25-76
intent-filter#android.intent.action.ACTION_POWER_CONNECTED+android.intent.action.ACTION_POWER_DISCONNECTED+android.intent.action.USER_PRESENT
ADDED from cDiving\IMLib\AndroidManifest.xml:75:13-79:29
action#android.intent.action.USER_PRESENT
ADDED from cDiving\IMLib\AndroidManifest.xml:76:17-77
	android:name
		ADDED from cDiving\IMLib\AndroidManifest.xml:76:25-74
action#android.intent.action.ACTION_POWER_CONNECTED
ADDED from cDiving\IMLib\AndroidManifest.xml:77:17-87
	android:name
		ADDED from cDiving\IMLib\AndroidManifest.xml:77:25-84
action#android.intent.action.ACTION_POWER_DISCONNECTED
ADDED from cDiving\IMLib\AndroidManifest.xml:78:17-90
	android:name
		ADDED from cDiving\IMLib\AndroidManifest.xml:78:25-87